app/build/intermediates/manifest_merge_blame_file/debug/manifest-merger-blame-debug-report.txt
1<?xml version="1.0" encoding="utf-8"?>
2<manifest xmlns:android="http://schemas.android.com/apk/res/android"
3    package="in.dilroopsingh.desigpscamera"
4    android:versionCode="1"
5    android:versionName="1.0" >
6
7    <uses-sdk
8        android:minSdkVersion="24"
9        android:targetSdkVersion="34" />
10
11    <uses-feature
11-->src/main/AndroidManifest.xml:5:5-7:36
12        android:name="android.hardware.camera"
12-->src/main/AndroidManifest.xml:6:9-47
13        android:required="false" />
13-->src/main/AndroidManifest.xml:7:9-33
14
15    <uses-permission android:name="android.permission.WRITE_EXTERNAL_STORAGE" />
15-->src/main/AndroidManifest.xml:9:5-81
15-->src/main/AndroidManifest.xml:9:22-78
16    <uses-permission android:name="android.permission.READ_EXTERNAL_STORAGE" />
16-->src/main/AndroidManifest.xml:10:5-80
16-->src/main/AndroidManifest.xml:10:22-77
17    <uses-permission android:name="android.permission.READ_MEDIA_IMAGES" />
17-->src/main/AndroidManifest.xml:11:5-76
17-->src/main/AndroidManifest.xml:11:22-73
18    <uses-permission android:name="android.permission.READ_MEDIA_VIDEO" />
18-->src/main/AndroidManifest.xml:12:5-75
18-->src/main/AndroidManifest.xml:12:22-72
19    <uses-permission android:name="android.permission.ACCESS_FINE_LOCATION" />
19-->src/main/AndroidManifest.xml:13:5-79
19-->src/main/AndroidManifest.xml:13:22-76
20    <uses-permission android:name="android.permission.ACCESS_COARSE_LOCATION" />
20-->src/main/AndroidManifest.xml:14:5-81
20-->src/main/AndroidManifest.xml:14:22-78
21    <uses-permission android:name="android.permission.CAMERA" />
21-->src/main/AndroidManifest.xml:15:5-65
21-->src/main/AndroidManifest.xml:15:22-62
22
23    <!-- Include required permissions for Google Mobile Ads to run -->
24    <uses-permission android:name="android.permission.INTERNET" />
24-->[com.google.android.gms:play-services-ads-lite:22.6.0] AndroidManifest.xml:24:5-67
24-->[com.google.android.gms:play-services-ads-lite:22.6.0] AndroidManifest.xml:24:22-64
25    <uses-permission android:name="android.permission.ACCESS_NETWORK_STATE" />
25-->[com.google.android.gms:play-services-ads-lite:22.6.0] AndroidManifest.xml:25:5-79
25-->[com.google.android.gms:play-services-ads-lite:22.6.0] AndroidManifest.xml:25:22-76
26    <uses-permission android:name="com.google.android.gms.permission.AD_ID" />
26-->[com.google.android.gms:play-services-ads-lite:22.6.0] AndroidManifest.xml:26:5-79
26-->[com.google.android.gms:play-services-ads-lite:22.6.0] AndroidManifest.xml:26:22-76
27    <uses-permission android:name="android.permission.ACCESS_ADSERVICES_AD_ID" />
27-->[com.google.android.gms:play-services-ads-lite:22.6.0] AndroidManifest.xml:27:5-82
27-->[com.google.android.gms:play-services-ads-lite:22.6.0] AndroidManifest.xml:27:22-79
28    <uses-permission android:name="android.permission.ACCESS_ADSERVICES_ATTRIBUTION" />
28-->[com.google.android.gms:play-services-ads-lite:22.6.0] AndroidManifest.xml:28:5-88
28-->[com.google.android.gms:play-services-ads-lite:22.6.0] AndroidManifest.xml:28:22-85
29    <uses-permission android:name="android.permission.ACCESS_ADSERVICES_TOPICS" /> <!-- Android package visibility setting -->
29-->[com.google.android.gms:play-services-ads-lite:22.6.0] AndroidManifest.xml:29:5-83
29-->[com.google.android.gms:play-services-ads-lite:22.6.0] AndroidManifest.xml:29:22-80
30    <queries>
30-->[com.google.android.gms:play-services-ads-lite:22.6.0] AndroidManifest.xml:35:5-51:15
31
32        <!-- For browser content -->
33        <intent>
33-->[com.google.android.gms:play-services-ads-lite:22.6.0] AndroidManifest.xml:38:9-44:18
34            <action android:name="android.intent.action.VIEW" />
34-->[com.google.android.gms:play-services-ads-lite:22.6.0] AndroidManifest.xml:39:13-65
34-->[com.google.android.gms:play-services-ads-lite:22.6.0] AndroidManifest.xml:39:21-62
35
36            <category android:name="android.intent.category.BROWSABLE" />
36-->[com.google.android.gms:play-services-ads-lite:22.6.0] AndroidManifest.xml:41:13-74
36-->[com.google.android.gms:play-services-ads-lite:22.6.0] AndroidManifest.xml:41:23-71
37
38            <data android:scheme="https" />
38-->[com.google.android.gms:play-services-ads-lite:22.6.0] AndroidManifest.xml:43:13-44
38-->[com.google.android.gms:play-services-ads-lite:22.6.0] AndroidManifest.xml:43:19-41
39        </intent>
40        <!-- End of browser content -->
41        <!-- For CustomTabsService -->
42        <intent>
42-->[com.google.android.gms:play-services-ads-lite:22.6.0] AndroidManifest.xml:47:9-49:18
43            <action android:name="android.support.customtabs.action.CustomTabsService" />
43-->[com.google.android.gms:play-services-ads-lite:22.6.0] AndroidManifest.xml:48:13-90
43-->[com.google.android.gms:play-services-ads-lite:22.6.0] AndroidManifest.xml:48:21-87
44        </intent>
45        <!-- End of CustomTabsService -->
46    </queries>
47
48    <uses-permission android:name="android.permission.WAKE_LOCK" />
48-->[com.google.android.gms:play-services-measurement-sdk-api:20.1.2] AndroidManifest.xml:25:5-68
48-->[com.google.android.gms:play-services-measurement-sdk-api:20.1.2] AndroidManifest.xml:25:22-65
49    <uses-permission android:name="android.permission.FOREGROUND_SERVICE" />
49-->[androidx.work:work-runtime:2.7.0] AndroidManifest.xml:28:5-77
49-->[androidx.work:work-runtime:2.7.0] AndroidManifest.xml:28:22-74
50
51    <permission
51-->[androidx.core:core:1.12.0] AndroidManifest.xml:22:5-24:47
52        android:name="in.dilroopsingh.desigpscamera.DYNAMIC_RECEIVER_NOT_EXPORTED_PERMISSION"
52-->[androidx.core:core:1.12.0] AndroidManifest.xml:23:9-81
53        android:protectionLevel="signature" />
53-->[androidx.core:core:1.12.0] AndroidManifest.xml:24:9-44
54
55    <uses-permission android:name="in.dilroopsingh.desigpscamera.DYNAMIC_RECEIVER_NOT_EXPORTED_PERMISSION" />
55-->[androidx.core:core:1.12.0] AndroidManifest.xml:26:5-97
55-->[androidx.core:core:1.12.0] AndroidManifest.xml:26:22-94
56
57    <application
57-->src/main/AndroidManifest.xml:17:5-52:19
58        android:name="com.dilroopsingh.desigpscamera.DesiGPSCameraApplication"
58-->src/main/AndroidManifest.xml:19:9-79
59        android:allowBackup="true"
59-->src/main/AndroidManifest.xml:18:9-35
60        android:appComponentFactory="androidx.core.app.CoreComponentFactory"
60-->[androidx.core:core:1.12.0] AndroidManifest.xml:28:18-86
61        android:dataExtractionRules="@xml/data_extraction_rules"
61-->src/main/AndroidManifest.xml:20:9-65
62        android:debuggable="true"
63        android:extractNativeLibs="false"
64        android:fullBackupContent="@xml/backup_rules"
64-->src/main/AndroidManifest.xml:21:9-54
65        android:icon="@drawable/app_icon"
65-->src/main/AndroidManifest.xml:22:9-42
66        android:label="@string/app_name"
66-->src/main/AndroidManifest.xml:23:9-41
67        android:roundIcon="@drawable/app_icon"
67-->src/main/AndroidManifest.xml:24:9-47
68        android:supportsRtl="true"
68-->src/main/AndroidManifest.xml:25:9-35
69        android:testOnly="true"
70        android:theme="@style/Theme.DesiGPSCamera" >
70-->src/main/AndroidManifest.xml:26:9-51
71        <activity
71-->src/main/AndroidManifest.xml:28:9-37:20
72            android:name="com.dilroopsingh.desigpscamera.MainActivity"
72-->src/main/AndroidManifest.xml:29:13-71
73            android:exported="true"
73-->src/main/AndroidManifest.xml:30:13-36
74            android:theme="@style/Theme.DesiGPSCamera" >
74-->src/main/AndroidManifest.xml:31:13-55
75            <intent-filter>
75-->src/main/AndroidManifest.xml:32:13-36:29
76                <action android:name="android.intent.action.MAIN" />
76-->src/main/AndroidManifest.xml:33:17-69
76-->src/main/AndroidManifest.xml:33:25-66
77
78                <category android:name="android.intent.category.LAUNCHER" />
78-->src/main/AndroidManifest.xml:35:17-77
78-->src/main/AndroidManifest.xml:35:27-74
79            </intent-filter>
80        </activity>
81        <!-- Admob -->
82        <meta-data
82-->src/main/AndroidManifest.xml:39:9-41:69
83            android:name="com.google.android.gms.ads.APPLICATION_ID"
83-->src/main/AndroidManifest.xml:40:13-69
84            android:value="ca-app-pub-6714822036468982~7974906949" />
84-->src/main/AndroidManifest.xml:41:13-67
85
86        <provider
87            android:name="androidx.startup.InitializationProvider"
87-->src/main/AndroidManifest.xml:44:13-67
88            android:authorities="in.dilroopsingh.desigpscamera.androidx-startup"
88-->src/main/AndroidManifest.xml:45:13-68
89            android:exported="false" >
89-->src/main/AndroidManifest.xml:46:13-37
90            <meta-data
90-->src/main/AndroidManifest.xml:48:13-50:52
91                android:name="com.dilroopsingh.desigpscamera.base.AdMobInitializer"
91-->src/main/AndroidManifest.xml:49:17-84
92                android:value="androidx.startup" />
92-->src/main/AndroidManifest.xml:50:17-49
93            <meta-data
93-->[androidx.work:work-runtime:2.7.0] AndroidManifest.xml:36:13-38:52
94                android:name="androidx.work.WorkManagerInitializer"
94-->[androidx.work:work-runtime:2.7.0] AndroidManifest.xml:37:17-68
95                android:value="androidx.startup" />
95-->[androidx.work:work-runtime:2.7.0] AndroidManifest.xml:38:17-49
96            <meta-data
96-->[androidx.emoji2:emoji2:1.3.0] AndroidManifest.xml:29:13-31:52
97                android:name="androidx.emoji2.text.EmojiCompatInitializer"
97-->[androidx.emoji2:emoji2:1.3.0] AndroidManifest.xml:30:17-75
98                android:value="androidx.startup" />
98-->[androidx.emoji2:emoji2:1.3.0] AndroidManifest.xml:31:17-49
99            <meta-data
99-->[androidx.lifecycle:lifecycle-process:2.6.2] AndroidManifest.xml:29:13-31:52
100                android:name="androidx.lifecycle.ProcessLifecycleInitializer"
100-->[androidx.lifecycle:lifecycle-process:2.6.2] AndroidManifest.xml:30:17-78
101                android:value="androidx.startup" />
101-->[androidx.lifecycle:lifecycle-process:2.6.2] AndroidManifest.xml:31:17-49
102            <meta-data
102-->[androidx.profileinstaller:profileinstaller:1.3.1] AndroidManifest.xml:29:13-31:52
103                android:name="androidx.profileinstaller.ProfileInstallerInitializer"
103-->[androidx.profileinstaller:profileinstaller:1.3.1] AndroidManifest.xml:30:17-85
104                android:value="androidx.startup" />
104-->[androidx.profileinstaller:profileinstaller:1.3.1] AndroidManifest.xml:31:17-49
105        </provider>
106
107        <activity
107-->[androidx.compose.ui:ui-test-manifest:1.4.0] AndroidManifest.xml:23:9-25:39
108            android:name="androidx.activity.ComponentActivity"
108-->[androidx.compose.ui:ui-test-manifest:1.4.0] AndroidManifest.xml:24:13-63
109            android:exported="true" />
109-->[androidx.compose.ui:ui-test-manifest:1.4.0] AndroidManifest.xml:25:13-36
110        <activity
110-->[androidx.compose.ui:ui-tooling:1.4.0] AndroidManifest.xml:23:9-25:39
111            android:name="androidx.compose.ui.tooling.PreviewActivity"
111-->[androidx.compose.ui:ui-tooling:1.4.0] AndroidManifest.xml:24:13-71
112            android:exported="true" /> <!-- Include the AdActivity and InAppPurchaseActivity configChanges and themes. -->
112-->[androidx.compose.ui:ui-tooling:1.4.0] AndroidManifest.xml:25:13-36
113        <activity
113-->[com.google.android.gms:play-services-ads-lite:22.6.0] AndroidManifest.xml:56:9-61:43
114            android:name="com.google.android.gms.ads.AdActivity"
114-->[com.google.android.gms:play-services-ads-lite:22.6.0] AndroidManifest.xml:57:13-65
115            android:configChanges="keyboard|keyboardHidden|orientation|screenLayout|uiMode|screenSize|smallestScreenSize"
115-->[com.google.android.gms:play-services-ads-lite:22.6.0] AndroidManifest.xml:58:13-122
116            android:exported="false"
116-->[com.google.android.gms:play-services-ads-lite:22.6.0] AndroidManifest.xml:59:13-37
117            android:theme="@android:style/Theme.Translucent" />
117-->[com.google.android.gms:play-services-ads-lite:22.6.0] AndroidManifest.xml:60:13-61
118
119        <provider
119-->[com.google.android.gms:play-services-ads-lite:22.6.0] AndroidManifest.xml:63:9-68:43
120            android:name="com.google.android.gms.ads.MobileAdsInitProvider"
120-->[com.google.android.gms:play-services-ads-lite:22.6.0] AndroidManifest.xml:64:13-76
121            android:authorities="in.dilroopsingh.desigpscamera.mobileadsinitprovider"
121-->[com.google.android.gms:play-services-ads-lite:22.6.0] AndroidManifest.xml:65:13-73
122            android:exported="false"
122-->[com.google.android.gms:play-services-ads-lite:22.6.0] AndroidManifest.xml:66:13-37
123            android:initOrder="100" />
123-->[com.google.android.gms:play-services-ads-lite:22.6.0] AndroidManifest.xml:67:13-36
124
125        <service
125-->[com.google.android.gms:play-services-ads-lite:22.6.0] AndroidManifest.xml:70:9-74:43
126            android:name="com.google.android.gms.ads.AdService"
126-->[com.google.android.gms:play-services-ads-lite:22.6.0] AndroidManifest.xml:71:13-64
127            android:enabled="true"
127-->[com.google.android.gms:play-services-ads-lite:22.6.0] AndroidManifest.xml:72:13-35
128            android:exported="false" />
128-->[com.google.android.gms:play-services-ads-lite:22.6.0] AndroidManifest.xml:73:13-37
129
130        <activity
130-->[com.google.android.gms:play-services-ads-lite:22.6.0] AndroidManifest.xml:76:9-80:43
131            android:name="com.google.android.gms.ads.OutOfContextTestingActivity"
131-->[com.google.android.gms:play-services-ads-lite:22.6.0] AndroidManifest.xml:77:13-82
132            android:configChanges="keyboard|keyboardHidden|orientation|screenLayout|uiMode|screenSize|smallestScreenSize"
132-->[com.google.android.gms:play-services-ads-lite:22.6.0] AndroidManifest.xml:78:13-122
133            android:exported="false" />
133-->[com.google.android.gms:play-services-ads-lite:22.6.0] AndroidManifest.xml:79:13-37
134        <activity
134-->[com.google.android.gms:play-services-ads-lite:22.6.0] AndroidManifest.xml:81:9-88:43
135            android:name="com.google.android.gms.ads.NotificationHandlerActivity"
135-->[com.google.android.gms:play-services-ads-lite:22.6.0] AndroidManifest.xml:82:13-82
136            android:excludeFromRecents="true"
136-->[com.google.android.gms:play-services-ads-lite:22.6.0] AndroidManifest.xml:83:13-46
137            android:exported="false"
137-->[com.google.android.gms:play-services-ads-lite:22.6.0] AndroidManifest.xml:84:13-37
138            android:launchMode="singleTask"
138-->[com.google.android.gms:play-services-ads-lite:22.6.0] AndroidManifest.xml:85:13-44
139            android:taskAffinity=""
139-->[com.google.android.gms:play-services-ads-lite:22.6.0] AndroidManifest.xml:86:13-36
140            android:theme="@android:style/Theme.Translucent.NoTitleBar" />
140-->[com.google.android.gms:play-services-ads-lite:22.6.0] AndroidManifest.xml:87:13-72
141
142        <property
142-->[com.google.android.gms:play-services-ads-lite:22.6.0] AndroidManifest.xml:90:9-92:62
143            android:name="android.adservices.AD_SERVICES_CONFIG"
143-->[com.google.android.gms:play-services-ads-lite:22.6.0] AndroidManifest.xml:91:13-65
144            android:resource="@xml/gma_ad_services_config" />
144-->[com.google.android.gms:play-services-ads-lite:22.6.0] AndroidManifest.xml:92:13-59
145
146        <activity
146-->[com.google.android.gms:play-services-base:18.0.0] AndroidManifest.xml:20:9-22:45
147            android:name="com.google.android.gms.common.api.GoogleApiActivity"
147-->[com.google.android.gms:play-services-base:18.0.0] AndroidManifest.xml:20:19-85
148            android:exported="false"
148-->[com.google.android.gms:play-services-base:18.0.0] AndroidManifest.xml:22:19-43
149            android:theme="@android:style/Theme.Translucent.NoTitleBar" />
149-->[com.google.android.gms:play-services-base:18.0.0] AndroidManifest.xml:21:19-78
150
151        <meta-data
151-->[com.google.android.gms:play-services-basement:18.2.0] AndroidManifest.xml:21:9-23:69
152            android:name="com.google.android.gms.version"
152-->[com.google.android.gms:play-services-basement:18.2.0] AndroidManifest.xml:22:13-58
153            android:value="@integer/google_play_services_version" />
153-->[com.google.android.gms:play-services-basement:18.2.0] AndroidManifest.xml:23:13-66
154
155        <service
155-->[androidx.work:work-runtime:2.7.0] AndroidManifest.xml:41:9-46:35
156            android:name="androidx.work.impl.background.systemalarm.SystemAlarmService"
156-->[androidx.work:work-runtime:2.7.0] AndroidManifest.xml:42:13-88
157            android:directBootAware="false"
157-->[androidx.work:work-runtime:2.7.0] AndroidManifest.xml:43:13-44
158            android:enabled="@bool/enable_system_alarm_service_default"
158-->[androidx.work:work-runtime:2.7.0] AndroidManifest.xml:44:13-72
159            android:exported="false" />
159-->[androidx.work:work-runtime:2.7.0] AndroidManifest.xml:45:13-37
160        <service
160-->[androidx.work:work-runtime:2.7.0] AndroidManifest.xml:47:9-53:35
161            android:name="androidx.work.impl.background.systemjob.SystemJobService"
161-->[androidx.work:work-runtime:2.7.0] AndroidManifest.xml:48:13-84
162            android:directBootAware="false"
162-->[androidx.work:work-runtime:2.7.0] AndroidManifest.xml:49:13-44
163            android:enabled="@bool/enable_system_job_service_default"
163-->[androidx.work:work-runtime:2.7.0] AndroidManifest.xml:50:13-70
164            android:exported="true"
164-->[androidx.work:work-runtime:2.7.0] AndroidManifest.xml:51:13-36
165            android:permission="android.permission.BIND_JOB_SERVICE" />
165-->[androidx.work:work-runtime:2.7.0] AndroidManifest.xml:52:13-69
166        <service
166-->[androidx.work:work-runtime:2.7.0] AndroidManifest.xml:54:9-59:35
167            android:name="androidx.work.impl.foreground.SystemForegroundService"
167-->[androidx.work:work-runtime:2.7.0] AndroidManifest.xml:55:13-81
168            android:directBootAware="false"
168-->[androidx.work:work-runtime:2.7.0] AndroidManifest.xml:56:13-44
169            android:enabled="@bool/enable_system_foreground_service_default"
169-->[androidx.work:work-runtime:2.7.0] AndroidManifest.xml:57:13-77
170            android:exported="false" />
170-->[androidx.work:work-runtime:2.7.0] AndroidManifest.xml:58:13-37
171
172        <receiver
172-->[androidx.work:work-runtime:2.7.0] AndroidManifest.xml:61:9-66:35
173            android:name="androidx.work.impl.utils.ForceStopRunnable$BroadcastReceiver"
173-->[androidx.work:work-runtime:2.7.0] AndroidManifest.xml:62:13-88
174            android:directBootAware="false"
174-->[androidx.work:work-runtime:2.7.0] AndroidManifest.xml:63:13-44
175            android:enabled="true"
175-->[androidx.work:work-runtime:2.7.0] AndroidManifest.xml:64:13-35
176            android:exported="false" />
176-->[androidx.work:work-runtime:2.7.0] AndroidManifest.xml:65:13-37
177        <receiver
177-->[androidx.work:work-runtime:2.7.0] AndroidManifest.xml:67:9-77:20
178            android:name="androidx.work.impl.background.systemalarm.ConstraintProxy$BatteryChargingProxy"
178-->[androidx.work:work-runtime:2.7.0] AndroidManifest.xml:68:13-106
179            android:directBootAware="false"
179-->[androidx.work:work-runtime:2.7.0] AndroidManifest.xml:69:13-44
180            android:enabled="false"
180-->[androidx.work:work-runtime:2.7.0] AndroidManifest.xml:70:13-36
181            android:exported="false" >
181-->[androidx.work:work-runtime:2.7.0] AndroidManifest.xml:71:13-37
182            <intent-filter>
182-->[androidx.work:work-runtime:2.7.0] AndroidManifest.xml:73:13-76:29
183                <action android:name="android.intent.action.ACTION_POWER_CONNECTED" />
183-->[androidx.work:work-runtime:2.7.0] AndroidManifest.xml:74:17-87
183-->[androidx.work:work-runtime:2.7.0] AndroidManifest.xml:74:25-84
184                <action android:name="android.intent.action.ACTION_POWER_DISCONNECTED" />
184-->[androidx.work:work-runtime:2.7.0] AndroidManifest.xml:75:17-90
184-->[androidx.work:work-runtime:2.7.0] AndroidManifest.xml:75:25-87
185            </intent-filter>
186        </receiver>
187        <receiver
187-->[androidx.work:work-runtime:2.7.0] AndroidManifest.xml:78:9-88:20
188            android:name="androidx.work.impl.background.systemalarm.ConstraintProxy$BatteryNotLowProxy"
188-->[androidx.work:work-runtime:2.7.0] AndroidManifest.xml:79:13-104
189            android:directBootAware="false"
189-->[androidx.work:work-runtime:2.7.0] AndroidManifest.xml:80:13-44
190            android:enabled="false"
190-->[androidx.work:work-runtime:2.7.0] AndroidManifest.xml:81:13-36
191            android:exported="false" >
191-->[androidx.work:work-runtime:2.7.0] AndroidManifest.xml:82:13-37
192            <intent-filter>
192-->[androidx.work:work-runtime:2.7.0] AndroidManifest.xml:84:13-87:29
193                <action android:name="android.intent.action.BATTERY_OKAY" />
193-->[androidx.work:work-runtime:2.7.0] AndroidManifest.xml:85:17-77
193-->[androidx.work:work-runtime:2.7.0] AndroidManifest.xml:85:25-74
194                <action android:name="android.intent.action.BATTERY_LOW" />
194-->[androidx.work:work-runtime:2.7.0] AndroidManifest.xml:86:17-76
194-->[androidx.work:work-runtime:2.7.0] AndroidManifest.xml:86:25-73
195            </intent-filter>
196        </receiver>
197        <receiver
197-->[androidx.work:work-runtime:2.7.0] AndroidManifest.xml:89:9-99:20
198            android:name="androidx.work.impl.background.systemalarm.ConstraintProxy$StorageNotLowProxy"
198-->[androidx.work:work-runtime:2.7.0] AndroidManifest.xml:90:13-104
199            android:directBootAware="false"
199-->[androidx.work:work-runtime:2.7.0] AndroidManifest.xml:91:13-44
200            android:enabled="false"
200-->[androidx.work:work-runtime:2.7.0] AndroidManifest.xml:92:13-36
201            android:exported="false" >
201-->[androidx.work:work-runtime:2.7.0] AndroidManifest.xml:93:13-37
202            <intent-filter>
202-->[androidx.work:work-runtime:2.7.0] AndroidManifest.xml:95:13-98:29
203                <action android:name="android.intent.action.DEVICE_STORAGE_LOW" />
203-->[androidx.work:work-runtime:2.7.0] AndroidManifest.xml:96:17-83
203-->[androidx.work:work-runtime:2.7.0] AndroidManifest.xml:96:25-80
204                <action android:name="android.intent.action.DEVICE_STORAGE_OK" />
204-->[androidx.work:work-runtime:2.7.0] AndroidManifest.xml:97:17-82
204-->[androidx.work:work-runtime:2.7.0] AndroidManifest.xml:97:25-79
205            </intent-filter>
206        </receiver>
207        <receiver
207-->[androidx.work:work-runtime:2.7.0] AndroidManifest.xml:100:9-109:20
208            android:name="androidx.work.impl.background.systemalarm.ConstraintProxy$NetworkStateProxy"
208-->[androidx.work:work-runtime:2.7.0] AndroidManifest.xml:101:13-103
209            android:directBootAware="false"
209-->[androidx.work:work-runtime:2.7.0] AndroidManifest.xml:102:13-44
210            android:enabled="false"
210-->[androidx.work:work-runtime:2.7.0] AndroidManifest.xml:103:13-36
211            android:exported="false" >
211-->[androidx.work:work-runtime:2.7.0] AndroidManifest.xml:104:13-37
212            <intent-filter>
212-->[androidx.work:work-runtime:2.7.0] AndroidManifest.xml:106:13-108:29
213                <action android:name="android.net.conn.CONNECTIVITY_CHANGE" />
213-->[androidx.work:work-runtime:2.7.0] AndroidManifest.xml:107:17-79
213-->[androidx.work:work-runtime:2.7.0] AndroidManifest.xml:107:25-76
214            </intent-filter>
215        </receiver>
216        <receiver
216-->[androidx.work:work-runtime:2.7.0] AndroidManifest.xml:110:9-121:20
217            android:name="androidx.work.impl.background.systemalarm.RescheduleReceiver"
217-->[androidx.work:work-runtime:2.7.0] AndroidManifest.xml:111:13-88
218            android:directBootAware="false"
218-->[androidx.work:work-runtime:2.7.0] AndroidManifest.xml:112:13-44
219            android:enabled="false"
219-->[androidx.work:work-runtime:2.7.0] AndroidManifest.xml:113:13-36
220            android:exported="false" >
220-->[androidx.work:work-runtime:2.7.0] AndroidManifest.xml:114:13-37
221            <intent-filter>
221-->[androidx.work:work-runtime:2.7.0] AndroidManifest.xml:116:13-120:29
222                <action android:name="android.intent.action.BOOT_COMPLETED" />
222-->[androidx.work:work-runtime:2.7.0] AndroidManifest.xml:117:17-79
222-->[androidx.work:work-runtime:2.7.0] AndroidManifest.xml:117:25-76
223                <action android:name="android.intent.action.TIME_SET" />
223-->[androidx.work:work-runtime:2.7.0] AndroidManifest.xml:118:17-73
223-->[androidx.work:work-runtime:2.7.0] AndroidManifest.xml:118:25-70
224                <action android:name="android.intent.action.TIMEZONE_CHANGED" />
224-->[androidx.work:work-runtime:2.7.0] AndroidManifest.xml:119:17-81
224-->[androidx.work:work-runtime:2.7.0] AndroidManifest.xml:119:25-78
225            </intent-filter>
226        </receiver>
227        <receiver
227-->[androidx.work:work-runtime:2.7.0] AndroidManifest.xml:122:9-131:20
228            android:name="androidx.work.impl.background.systemalarm.ConstraintProxyUpdateReceiver"
228-->[androidx.work:work-runtime:2.7.0] AndroidManifest.xml:123:13-99
229            android:directBootAware="false"
229-->[androidx.work:work-runtime:2.7.0] AndroidManifest.xml:124:13-44
230            android:enabled="@bool/enable_system_alarm_service_default"
230-->[androidx.work:work-runtime:2.7.0] AndroidManifest.xml:125:13-72
231            android:exported="false" >
231-->[androidx.work:work-runtime:2.7.0] AndroidManifest.xml:126:13-37
232            <intent-filter>
232-->[androidx.work:work-runtime:2.7.0] AndroidManifest.xml:128:13-130:29
233                <action android:name="androidx.work.impl.background.systemalarm.UpdateProxies" />
233-->[androidx.work:work-runtime:2.7.0] AndroidManifest.xml:129:17-98
233-->[androidx.work:work-runtime:2.7.0] AndroidManifest.xml:129:25-95
234            </intent-filter>
235        </receiver>
236        <receiver
236-->[androidx.work:work-runtime:2.7.0] AndroidManifest.xml:132:9-142:20
237            android:name="androidx.work.impl.diagnostics.DiagnosticsReceiver"
237-->[androidx.work:work-runtime:2.7.0] AndroidManifest.xml:133:13-78
238            android:directBootAware="false"
238-->[androidx.work:work-runtime:2.7.0] AndroidManifest.xml:134:13-44
239            android:enabled="true"
239-->[androidx.work:work-runtime:2.7.0] AndroidManifest.xml:135:13-35
240            android:exported="true"
240-->[androidx.work:work-runtime:2.7.0] AndroidManifest.xml:136:13-36
241            android:permission="android.permission.DUMP" >
241-->[androidx.work:work-runtime:2.7.0] AndroidManifest.xml:137:13-57
242            <intent-filter>
242-->[androidx.work:work-runtime:2.7.0] AndroidManifest.xml:139:13-141:29
243                <action android:name="androidx.work.diagnostics.REQUEST_DIAGNOSTICS" />
243-->[androidx.work:work-runtime:2.7.0] AndroidManifest.xml:140:17-88
243-->[androidx.work:work-runtime:2.7.0] AndroidManifest.xml:140:25-85
244            </intent-filter>
245        </receiver>
246
247        <uses-library
247-->[androidx.privacysandbox.ads:ads-adservices:1.0.0-beta05] AndroidManifest.xml:23:9-25:40
248            android:name="android.ext.adservices"
248-->[androidx.privacysandbox.ads:ads-adservices:1.0.0-beta05] AndroidManifest.xml:24:13-50
249            android:required="false" />
249-->[androidx.privacysandbox.ads:ads-adservices:1.0.0-beta05] AndroidManifest.xml:25:13-37
250
251        <receiver
251-->[androidx.profileinstaller:profileinstaller:1.3.1] AndroidManifest.xml:34:9-52:20
252            android:name="androidx.profileinstaller.ProfileInstallReceiver"
252-->[androidx.profileinstaller:profileinstaller:1.3.1] AndroidManifest.xml:35:13-76
253            android:directBootAware="false"
253-->[androidx.profileinstaller:profileinstaller:1.3.1] AndroidManifest.xml:36:13-44
254            android:enabled="true"
254-->[androidx.profileinstaller:profileinstaller:1.3.1] AndroidManifest.xml:37:13-35
255            android:exported="true"
255-->[androidx.profileinstaller:profileinstaller:1.3.1] AndroidManifest.xml:38:13-36
256            android:permission="android.permission.DUMP" >
256-->[androidx.profileinstaller:profileinstaller:1.3.1] AndroidManifest.xml:39:13-57
257            <intent-filter>
257-->[androidx.profileinstaller:profileinstaller:1.3.1] AndroidManifest.xml:40:13-42:29
258                <action android:name="androidx.profileinstaller.action.INSTALL_PROFILE" />
258-->[androidx.profileinstaller:profileinstaller:1.3.1] AndroidManifest.xml:41:17-91
258-->[androidx.profileinstaller:profileinstaller:1.3.1] AndroidManifest.xml:41:25-88
259            </intent-filter>
260            <intent-filter>
260-->[androidx.profileinstaller:profileinstaller:1.3.1] AndroidManifest.xml:43:13-45:29
261                <action android:name="androidx.profileinstaller.action.SKIP_FILE" />
261-->[androidx.profileinstaller:profileinstaller:1.3.1] AndroidManifest.xml:44:17-85
261-->[androidx.profileinstaller:profileinstaller:1.3.1] AndroidManifest.xml:44:25-82
262            </intent-filter>
263            <intent-filter>
263-->[androidx.profileinstaller:profileinstaller:1.3.1] AndroidManifest.xml:46:13-48:29
264                <action android:name="androidx.profileinstaller.action.SAVE_PROFILE" />
264-->[androidx.profileinstaller:profileinstaller:1.3.1] AndroidManifest.xml:47:17-88
264-->[androidx.profileinstaller:profileinstaller:1.3.1] AndroidManifest.xml:47:25-85
265            </intent-filter>
266            <intent-filter>
266-->[androidx.profileinstaller:profileinstaller:1.3.1] AndroidManifest.xml:49:13-51:29
267                <action android:name="androidx.profileinstaller.action.BENCHMARK_OPERATION" />